<?xml version="1.0" encoding="UTF-8"?>
<testng-results ignored="3" total="13" passed="9" failed="1" skipped="0">
  <reporter-output>
  </reporter-output>
  <suite started-at="2020-09-23T20:36:56 CEST" name="Loan Department" finished-at="2020-09-23T20:36:56 CEST" duration-ms="46">
    <groups>
      <group name="Smoke">
        <method signature="day2.ploan()[pri:0, instance:test.day2@1ed4ae0f]" name="ploan" class="test.day2"/>
        <method signature="day4.MobileLoginHomeLoan()[pri:0, instance:test.day4@2a265ea9]" name="MobileLoginHomeLoan" class="test.day4"/>
        <method signature="day3.MobileLogincarLoan()[pri:0, instance:test.day3@2cb4893b]" name="MobileLogincarLoan" class="test.day3"/>
      </group> <!-- Smoke -->
    </groups>
    <test started-at="2020-09-23T20:36:56 CEST" name="Car Loan" finished-at="2020-09-23T20:36:56 CEST" duration-ms="46">
      <class name="test.day3">
        <test-method is-config="true" signature="Bfsuite()[pri:0, instance:test.day3@2cb4893b]" started-at="2020-09-23T20:36:56 CEST" name="Bfsuite" finished-at="2020-09-23T20:36:56 CEST" duration-ms="11" status="PASS">
          <reporter-output>
          </reporter-output>
        </test-method> <!-- Bfsuite -->
        <test-method is-config="true" signature="befoclas()[pri:0, instance:test.day3@2cb4893b]" started-at="2020-09-23T20:36:56 CEST" name="befoclas" finished-at="2020-09-23T20:36:56 CEST" duration-ms="1" status="PASS">
          <reporter-output>
          </reporter-output>
        </test-method> <!-- befoclas -->
        <test-method is-config="true" signature="beforeevery()[pri:0, instance:test.day3@2cb4893b]" started-at="2020-09-23T20:36:56 CEST" name="beforeevery" finished-at="2020-09-23T20:36:56 CEST" duration-ms="1" status="PASS">
          <reporter-output>
          </reporter-output>
        </test-method> <!-- beforeevery -->
        <test-method signature="MobileLogincarLoan()[pri:0, instance:test.day3@2cb4893b]" started-at="2020-09-23T20:36:56 CEST" name="MobileLogincarLoan" finished-at="2020-09-23T20:36:56 CEST" duration-ms="5" status="PASS">
          <reporter-output>
          </reporter-output>
        </test-method> <!-- MobileLogincarLoan -->
        <test-method is-config="true" signature="afterevery()[pri:0, instance:test.day3@2cb4893b]" started-at="2020-09-23T20:36:56 CEST" name="afterevery" finished-at="2020-09-23T20:36:56 CEST" duration-ms="0" status="PASS">
          <reporter-output>
          </reporter-output>
        </test-method> <!-- afterevery -->
        <test-method is-config="true" signature="beforeevery()[pri:0, instance:test.day3@2cb4893b]" started-at="2020-09-23T20:36:56 CEST" name="beforeevery" finished-at="2020-09-23T20:36:56 CEST" duration-ms="1" status="PASS">
          <reporter-output>
          </reporter-output>
        </test-method> <!-- beforeevery -->
        <test-method signature="MobilesignoutcarLoan(java.lang.String, java.lang.String)[pri:0, instance:test.day3@2cb4893b]" started-at="2020-09-23T20:36:56 CEST" name="MobilesignoutcarLoan" data-provider="getData" finished-at="2020-09-23T20:36:56 CEST" duration-ms="1" status="PASS">
          <params>
            <param index="0">
              <value>
                <![CDATA[firstsetusername]]>
              </value>
            </param>
            <param index="1">
              <value>
                <![CDATA[firstpassword]]>
              </value>
            </param>
          </params>
          <reporter-output>
          </reporter-output>
        </test-method> <!-- MobilesignoutcarLoan -->
        <test-method is-config="true" signature="beforeevery()[pri:0, instance:test.day3@2cb4893b]" started-at="2020-09-23T20:36:56 CEST" name="beforeevery" finished-at="2020-09-23T20:36:56 CEST" duration-ms="1" status="PASS">
          <reporter-output>
          </reporter-output>
        </test-method> <!-- beforeevery -->
        <test-method is-config="true" signature="afterevery()[pri:0, instance:test.day3@2cb4893b]" started-at="2020-09-23T20:36:56 CEST" name="afterevery" finished-at="2020-09-23T20:36:56 CEST" duration-ms="0" status="PASS">
          <reporter-output>
          </reporter-output>
        </test-method> <!-- afterevery -->
        <test-method signature="MobilesignoutcarLoan(java.lang.String, java.lang.String)[pri:0, instance:test.day3@2cb4893b]" started-at="2020-09-23T20:36:56 CEST" name="MobilesignoutcarLoan" data-provider="getData" finished-at="2020-09-23T20:36:56 CEST" duration-ms="1" status="PASS">
          <params>
            <param index="0">
              <value>
                <![CDATA[secondsetusername]]>
              </value>
            </param>
            <param index="1">
              <value>
                <![CDATA[secondpassword]]>
              </value>
            </param>
          </params>
          <reporter-output>
          </reporter-output>
        </test-method> <!-- MobilesignoutcarLoan -->
        <test-method is-config="true" signature="afterevery()[pri:0, instance:test.day3@2cb4893b]" started-at="2020-09-23T20:36:56 CEST" name="afterevery" finished-at="2020-09-23T20:36:56 CEST" duration-ms="1" status="PASS">
          <reporter-output>
          </reporter-output>
        </test-method> <!-- afterevery -->
        <test-method is-config="true" signature="beforeevery()[pri:0, instance:test.day3@2cb4893b]" started-at="2020-09-23T20:36:56 CEST" name="beforeevery" finished-at="2020-09-23T20:36:56 CEST" duration-ms="0" status="PASS">
          <reporter-output>
          </reporter-output>
        </test-method> <!-- beforeevery -->
        <test-method signature="MobilesignoutcarLoan(java.lang.String, java.lang.String)[pri:0, instance:test.day3@2cb4893b]" started-at="2020-09-23T20:36:56 CEST" name="MobilesignoutcarLoan" data-provider="getData" finished-at="2020-09-23T20:36:56 CEST" duration-ms="2" status="PASS">
          <params>
            <param index="0">
              <value>
                <![CDATA[thirdsetusername]]>
              </value>
            </param>
            <param index="1">
              <value>
                <![CDATA[thirdpassword]]>
              </value>
            </param>
          </params>
          <reporter-output>
          </reporter-output>
        </test-method> <!-- MobilesignoutcarLoan -->
        <test-method is-config="true" signature="afterevery()[pri:0, instance:test.day3@2cb4893b]" started-at="2020-09-23T20:36:56 CEST" name="afterevery" finished-at="2020-09-23T20:36:56 CEST" duration-ms="1" status="PASS">
          <reporter-output>
          </reporter-output>
        </test-method> <!-- afterevery -->
        <test-method is-config="true" signature="beforeevery()[pri:0, instance:test.day3@2cb4893b]" started-at="2020-09-23T20:36:56 CEST" name="beforeevery" finished-at="2020-09-23T20:36:56 CEST" duration-ms="1" status="PASS">
          <reporter-output>
          </reporter-output>
        </test-method> <!-- beforeevery -->
        <test-method signature="WebloginCarLoan(java.lang.String, java.lang.String)[pri:0, instance:test.day3@2cb4893b]" started-at="2020-09-23T20:36:56 CEST" name="WebloginCarLoan" finished-at="2020-09-23T20:36:56 CEST" duration-ms="1" status="PASS">
          <params>
            <param index="0">
              <value>
                <![CDATA[carloan.com]]>
              </value>
            </param>
            <param index="1">
              <value>
                <![CDATA[123456]]>
              </value>
            </param>
          </params>
          <reporter-output>
          </reporter-output>
        </test-method> <!-- WebloginCarLoan -->
        <test-method is-config="true" signature="afteclas()[pri:0, instance:test.day3@2cb4893b]" started-at="2020-09-23T20:36:56 CEST" name="afteclas" finished-at="2020-09-23T20:36:56 CEST" duration-ms="0" status="PASS">
          <reporter-output>
          </reporter-output>
        </test-method> <!-- afteclas -->
        <test-method is-config="true" signature="afterevery()[pri:0, instance:test.day3@2cb4893b]" started-at="2020-09-23T20:36:56 CEST" name="afterevery" finished-at="2020-09-23T20:36:56 CEST" duration-ms="0" status="PASS">
          <reporter-output>
          </reporter-output>
        </test-method> <!-- afterevery -->
      </class> <!-- test.day3 -->
      <class name="test.day1">
        <test-method is-config="true" signature="afSyite()[pri:0, instance:test.day1@6d4d66d2]" started-at="2020-09-23T20:36:56 CEST" name="afSyite" finished-at="2020-09-23T20:36:56 CEST" duration-ms="1" status="PASS">
          <reporter-output>
          </reporter-output>
        </test-method> <!-- afSyite -->
      </class> <!-- test.day1 -->
    </test> <!-- Car Loan -->
    <test started-at="2020-09-23T20:36:56 CEST" name="Personal loan" finished-at="2020-09-23T20:36:56 CEST" duration-ms="42">
      <class name="test.day4">
        <test-method signature="LoginAPIHomeLoan()[pri:0, instance:test.day4@2a265ea9]" started-at="2020-09-23T20:36:56 CEST" name="LoginAPIHomeLoan" finished-at="2020-09-23T20:36:56 CEST" duration-ms="1" status="PASS">
          <reporter-output>
          </reporter-output>
        </test-method> <!-- LoginAPIHomeLoan -->
        <test-method signature="MobileLoginHomeLoan()[pri:0, instance:test.day4@2a265ea9]" started-at="2020-09-23T20:36:56 CEST" name="MobileLoginHomeLoan" finished-at="2020-09-23T20:36:56 CEST" duration-ms="0" status="PASS">
          <reporter-output>
          </reporter-output>
        </test-method> <!-- MobileLoginHomeLoan -->
        <test-method signature="WebloginHomeLoan(java.lang.String)[pri:0, instance:test.day4@2a265ea9]" started-at="2020-09-23T20:36:56 CEST" name="WebloginHomeLoan" finished-at="2020-09-23T20:36:56 CEST" duration-ms="1" status="PASS">
          <params>
            <param index="0">
              <value>
                <![CDATA[personalloan.com]]>
              </value>
            </param>
          </params>
          <reporter-output>
          </reporter-output>
        </test-method> <!-- WebloginHomeLoan -->
      </class> <!-- test.day4 -->
      <class name="test.day2">
        <test-method is-config="true" signature="prerequiste()[pri:0, instance:test.day2@1ed4ae0f]" started-at="2020-09-23T20:36:56 CEST" name="prerequiste" finished-at="2020-09-23T20:36:56 CEST" duration-ms="0" status="PASS">
          <reporter-output>
          </reporter-output>
        </test-method> <!-- prerequiste -->
        <test-method signature="ploan()[pri:0, instance:test.day2@1ed4ae0f]" started-at="2020-09-23T20:36:56 CEST" name="ploan" finished-at="2020-09-23T20:36:56 CEST" duration-ms="1" status="PASS">
          <reporter-output>
          </reporter-output>
        </test-method> <!-- ploan -->
      </class> <!-- test.day2 -->
      <class name="test.day1">
        <test-method signature="Demo()[pri:0, instance:test.day1@6d4d66d2]" started-at="2020-09-23T20:36:56 CEST" name="Demo" finished-at="2020-09-23T20:36:56 CEST" duration-ms="7" status="FAIL">
          <exception class="java.lang.AssertionError">
            <message>
              <![CDATA[expected [true] but found [false]]]>
            </message>
            <full-stacktrace>
              <![CDATA[java.lang.AssertionError: expected [true] but found [false]
at org.testng.Assert.fail(Assert.java:99)
at org.testng.Assert.failNotEquals(Assert.java:1037)
at org.testng.Assert.assertTrue(Assert.java:45)
at org.testng.Assert.assertTrue(Assert.java:55)
at test.day1.Demo(day1.java:22)
at java.base/jdk.internal.reflect.NativeMethodAccessorImpl.invoke0(Native Method)
at java.base/jdk.internal.reflect.NativeMethodAccessorImpl.invoke(NativeMethodAccessorImpl.java:62)
at java.base/jdk.internal.reflect.DelegatingMethodAccessorImpl.invoke(DelegatingMethodAccessorImpl.java:43)
at java.base/java.lang.reflect.Method.invoke(Method.java:564)
at org.testng.internal.MethodInvocationHelper.invokeMethod(MethodInvocationHelper.java:132)
at org.testng.internal.TestInvoker.invokeMethod(TestInvoker.java:599)
at org.testng.internal.TestInvoker.invokeTestMethod(TestInvoker.java:174)
at org.testng.internal.MethodRunner.runInSequence(MethodRunner.java:46)
at org.testng.internal.TestInvoker$MethodInvocationAgent.invoke(TestInvoker.java:822)
at org.testng.internal.TestInvoker.invokeTestMethods(TestInvoker.java:147)
at org.testng.internal.TestMethodWorker.invokeTestMethods(TestMethodWorker.java:146)
at org.testng.internal.TestMethodWorker.run(TestMethodWorker.java:128)
at java.base/java.util.ArrayList.forEach(ArrayList.java:1511)
at org.testng.TestRunner.privateRun(TestRunner.java:764)
at org.testng.TestRunner.run(TestRunner.java:585)
at org.testng.SuiteRunner.runTest(SuiteRunner.java:384)
at org.testng.SuiteRunner.access$000(SuiteRunner.java:28)
at org.testng.SuiteRunner$SuiteWorker.run(SuiteRunner.java:425)
at org.testng.internal.thread.ThreadUtil.lambda$execute$0(ThreadUtil.java:66)
at java.base/java.util.concurrent.FutureTask.run(FutureTask.java:264)
at java.base/java.util.concurrent.ThreadPoolExecutor.runWorker(ThreadPoolExecutor.java:1130)
at java.base/java.util.concurrent.ThreadPoolExecutor$Worker.run(ThreadPoolExecutor.java:630)
at java.base/java.lang.Thread.run(Thread.java:832)
]]>
            </full-stacktrace>
          </exception> <!-- java.lang.AssertionError -->
          <reporter-output>
          </reporter-output>
        </test-method> <!-- Demo -->
        <test-method is-config="true" signature="lastexecution()[pri:0, instance:test.day1@6d4d66d2]" started-at="2020-09-23T20:36:56 CEST" name="lastexecution" finished-at="2020-09-23T20:36:56 CEST" duration-ms="1" status="PASS">
          <reporter-output>
          </reporter-output>
        </test-method> <!-- lastexecution -->
      </class> <!-- test.day1 -->
    </test> <!-- Personal loan -->
  </suite> <!-- Loan Department -->
</testng-results>
